2020-01-23 01:00:35,719{GMT+2} DEBUG [http-nio-8085-exec-2][ApplicationFacade:assignmentDebugLogger:retrieveEmployeesList(163)] Method has been started
2020-01-23 01:00:36,358{GMT+2} DEBUG [http-nio-8085-exec-2][AssignmentService:assignmentDebugLogger:retrieveEmployeesList(76)] Method has been started
2020-01-23 01:00:36,358{GMT+2} DEBUG [http-nio-8085-exec-2][AssignmentDAO:assignmentDebugLogger:retrieveEmployeesList(108)] Method has been started
2020-01-23 01:00:36,361{GMT+2} DEBUG [http-nio-8085-exec-2][AssignmentDAO:assignmentDebugLogger:retrieveEmployeesList(140)] Method has been ended
2020-01-23 01:00:36,361{GMT+2} DEBUG [http-nio-8085-exec-2][AssignmentService:assignmentDebugLogger:retrieveEmployeesList(80)] Method has been ended
2020-01-23 01:00:36,362{GMT+2} DEBUG [http-nio-8085-exec-2][ApplicationFacade:assignmentDebugLogger:retrieveEmployeesList(183)] Method has been ended
2020-01-23 01:08:49,207{GMT+2} DEBUG [http-nio-8085-exec-4][ApplicationFacade:assignmentDebugLogger:retrieveEmployeesList(163)] Method has been started
2020-01-23 01:08:49,218{GMT+2} DEBUG [http-nio-8085-exec-4][AssignmentService:assignmentDebugLogger:retrieveEmployeesList(76)] Method has been started
2020-01-23 01:08:49,218{GMT+2} DEBUG [http-nio-8085-exec-4][AssignmentDAO:assignmentDebugLogger:retrieveEmployeesList(108)] Method has been started
2020-01-23 01:08:49,224{GMT+2} DEBUG [http-nio-8085-exec-4][AssignmentDAO:assignmentDebugLogger:retrieveEmployeesList(140)] Method has been ended
2020-01-23 01:08:49,225{GMT+2} DEBUG [http-nio-8085-exec-4][AssignmentService:assignmentDebugLogger:retrieveEmployeesList(80)] Method has been ended
2020-01-23 01:08:49,225{GMT+2} DEBUG [http-nio-8085-exec-4][ApplicationFacade:assignmentDebugLogger:retrieveEmployeesList(183)] Method has been ended
2020-01-23 01:15:00,850{GMT+2} DEBUG [http-nio-8085-exec-6][ApplicationFacade:assignmentDebugLogger:retrieveEmployeesList(163)] Method has been started
2020-01-23 01:15:00,851{GMT+2} DEBUG [http-nio-8085-exec-6][AssignmentService:assignmentDebugLogger:retrieveEmployeesList(76)] Method has been started
2020-01-23 01:15:00,851{GMT+2} DEBUG [http-nio-8085-exec-6][AssignmentDAO:assignmentDebugLogger:retrieveEmployeesList(108)] Method has been started
2020-01-23 01:15:00,854{GMT+2} DEBUG [http-nio-8085-exec-6][AssignmentDAO:assignmentDebugLogger:retrieveEmployeesList(140)] Method has been ended
2020-01-23 01:15:00,854{GMT+2} DEBUG [http-nio-8085-exec-6][AssignmentService:assignmentDebugLogger:retrieveEmployeesList(80)] Method has been ended
2020-01-23 01:15:00,854{GMT+2} DEBUG [http-nio-8085-exec-6][ApplicationFacade:assignmentDebugLogger:retrieveEmployeesList(183)] Method has been ended
2020-01-23 01:22:08,628{GMT+2} DEBUG [http-nio-8085-exec-5][ApplicationFacade:assignmentDebugLogger:retrieveEmployeesList(163)] Method has been started
2020-01-23 01:22:08,628{GMT+2} DEBUG [http-nio-8085-exec-5][AssignmentService:assignmentDebugLogger:retrieveEmployeesList(76)] Method has been started
2020-01-23 01:22:08,629{GMT+2} DEBUG [http-nio-8085-exec-5][AssignmentDAO:assignmentDebugLogger:retrieveEmployeesList(108)] Method has been started
2020-01-23 01:22:08,822{GMT+2} DEBUG [http-nio-8085-exec-5][AssignmentDAO:assignmentDebugLogger:retrieveEmployeesList(140)] Method has been ended
2020-01-23 01:22:08,823{GMT+2} DEBUG [http-nio-8085-exec-5][AssignmentService:assignmentDebugLogger:retrieveEmployeesList(80)] Method has been ended
2020-01-23 01:22:08,823{GMT+2} DEBUG [http-nio-8085-exec-5][ApplicationFacade:assignmentDebugLogger:retrieveEmployeesList(183)] Method has been ended
2020-01-23 01:22:08,926{GMT+2} DEBUG [http-nio-8085-exec-9][ApplicationFacade:assignmentDebugLogger:retrieveEmployeesList(163)] Method has been started
2020-01-23 01:22:08,926{GMT+2} DEBUG [http-nio-8085-exec-9][AssignmentService:assignmentDebugLogger:retrieveEmployeesList(76)] Method has been started
2020-01-23 01:22:08,927{GMT+2} DEBUG [http-nio-8085-exec-9][AssignmentDAO:assignmentDebugLogger:retrieveEmployeesList(108)] Method has been started
2020-01-23 01:22:08,967{GMT+2} DEBUG [http-nio-8085-exec-9][AssignmentDAO:assignmentDebugLogger:retrieveEmployeesList(140)] Method has been ended
2020-01-23 01:22:08,967{GMT+2} DEBUG [http-nio-8085-exec-9][AssignmentService:assignmentDebugLogger:retrieveEmployeesList(80)] Method has been ended
2020-01-23 01:22:08,967{GMT+2} DEBUG [http-nio-8085-exec-9][ApplicationFacade:assignmentDebugLogger:retrieveEmployeesList(183)] Method has been ended
2020-01-23 01:22:51,666{GMT+2} DEBUG [http-nio-8085-exec-10][ApplicationFacade:assignmentDebugLogger:retrieveEmployeesList(163)] Method has been started
2020-01-23 01:22:51,667{GMT+2} DEBUG [http-nio-8085-exec-10][AssignmentService:assignmentDebugLogger:retrieveEmployeesList(76)] Method has been started
2020-01-23 01:22:51,667{GMT+2} DEBUG [http-nio-8085-exec-10][AssignmentDAO:assignmentDebugLogger:retrieveEmployeesList(108)] Method has been started
2020-01-23 01:22:51,685{GMT+2} DEBUG [http-nio-8085-exec-10][AssignmentDAO:assignmentDebugLogger:retrieveEmployeesList(140)] Method has been ended
2020-01-23 01:22:51,686{GMT+2} DEBUG [http-nio-8085-exec-10][AssignmentService:assignmentDebugLogger:retrieveEmployeesList(80)] Method has been ended
2020-01-23 01:22:51,686{GMT+2} DEBUG [http-nio-8085-exec-10][ApplicationFacade:assignmentDebugLogger:retrieveEmployeesList(183)] Method has been ended
2020-01-23 01:23:05,606{GMT+2} DEBUG [http-nio-8085-exec-2][ApplicationFacade:assignmentDebugLogger:retrieveEmployeesList(163)] Method has been started
2020-01-23 01:23:05,607{GMT+2} DEBUG [http-nio-8085-exec-2][AssignmentService:assignmentDebugLogger:retrieveEmployeesList(76)] Method has been started
2020-01-23 01:23:05,607{GMT+2} DEBUG [http-nio-8085-exec-2][AssignmentDAO:assignmentDebugLogger:retrieveEmployeesList(108)] Method has been started
2020-01-23 01:23:05,652{GMT+2} DEBUG [http-nio-8085-exec-2][AssignmentDAO:assignmentDebugLogger:retrieveEmployeesList(140)] Method has been ended
2020-01-23 01:23:05,652{GMT+2} DEBUG [http-nio-8085-exec-2][AssignmentService:assignmentDebugLogger:retrieveEmployeesList(80)] Method has been ended
2020-01-23 01:23:05,653{GMT+2} DEBUG [http-nio-8085-exec-2][ApplicationFacade:assignmentDebugLogger:retrieveEmployeesList(183)] Method has been ended
2020-01-23 01:23:25,023{GMT+2} DEBUG [http-nio-8085-exec-1][ApplicationFacade:assignmentDebugLogger:retrieveEmployeesList(163)] Method has been started
2020-01-23 01:23:25,023{GMT+2} DEBUG [http-nio-8085-exec-1][AssignmentService:assignmentDebugLogger:retrieveEmployeesList(76)] Method has been started
2020-01-23 01:23:25,023{GMT+2} DEBUG [http-nio-8085-exec-1][AssignmentDAO:assignmentDebugLogger:retrieveEmployeesList(108)] Method has been started
2020-01-23 01:23:25,025{GMT+2} DEBUG [http-nio-8085-exec-1][AssignmentDAO:assignmentDebugLogger:retrieveEmployeesList(140)] Method has been ended
2020-01-23 01:23:25,025{GMT+2} DEBUG [http-nio-8085-exec-1][AssignmentService:assignmentDebugLogger:retrieveEmployeesList(80)] Method has been ended
2020-01-23 01:23:25,025{GMT+2} DEBUG [http-nio-8085-exec-1][ApplicationFacade:assignmentDebugLogger:retrieveEmployeesList(183)] Method has been ended
2020-01-23 01:25:49,959{GMT+2} DEBUG [http-nio-8085-exec-3][ApplicationFacade:assignmentDebugLogger:retrieveEmployeesList(163)] Method has been started
2020-01-23 01:25:49,959{GMT+2} DEBUG [http-nio-8085-exec-3][AssignmentService:assignmentDebugLogger:retrieveEmployeesList(76)] Method has been started
2020-01-23 01:25:49,959{GMT+2} DEBUG [http-nio-8085-exec-3][AssignmentDAO:assignmentDebugLogger:retrieveEmployeesList(108)] Method has been started
2020-01-23 01:25:49,992{GMT+2} DEBUG [http-nio-8085-exec-3][AssignmentDAO:assignmentDebugLogger:retrieveEmployeesList(140)] Method has been ended
2020-01-23 01:25:49,992{GMT+2} DEBUG [http-nio-8085-exec-3][AssignmentService:assignmentDebugLogger:retrieveEmployeesList(80)] Method has been ended
2020-01-23 01:25:49,993{GMT+2} DEBUG [http-nio-8085-exec-3][ApplicationFacade:assignmentDebugLogger:retrieveEmployeesList(183)] Method has been ended
2020-01-23 01:26:05,494{GMT+2} DEBUG [http-nio-8085-exec-6][ApplicationFacade:assignmentDebugLogger:retrieveEmployeesList(163)] Method has been started
2020-01-23 01:26:05,495{GMT+2} DEBUG [http-nio-8085-exec-6][AssignmentService:assignmentDebugLogger:retrieveEmployeesList(76)] Method has been started
2020-01-23 01:26:05,495{GMT+2} DEBUG [http-nio-8085-exec-6][AssignmentDAO:assignmentDebugLogger:retrieveEmployeesList(108)] Method has been started
2020-01-23 01:26:05,632{GMT+2} DEBUG [http-nio-8085-exec-6][AssignmentDAO:assignmentDebugLogger:retrieveEmployeesList(140)] Method has been ended
2020-01-23 01:26:05,632{GMT+2} DEBUG [http-nio-8085-exec-6][AssignmentService:assignmentDebugLogger:retrieveEmployeesList(80)] Method has been ended
2020-01-23 01:26:05,633{GMT+2} DEBUG [http-nio-8085-exec-6][ApplicationFacade:assignmentDebugLogger:retrieveEmployeesList(183)] Method has been ended
2020-01-23 01:27:18,784{GMT+2} DEBUG [http-nio-8085-exec-5][ApplicationFacade:assignmentDebugLogger:addEmployee(27)] Method has been started
2020-01-23 01:27:18,808{GMT+2} DEBUG [http-nio-8085-exec-5][AssignmentService:assignmentDebugLogger:addEmployee(22)] Method has been started
2020-01-23 01:27:18,808{GMT+2} DEBUG [http-nio-8085-exec-5][AssignmentDAO:assignmentDebugLogger:addEmployee(24)] Method has been started
2020-01-23 01:27:18,935{GMT+2} DEBUG [http-nio-8085-exec-5][AssignmentDAO:assignmentDebugLogger:addEmployee(45)] Method has been ended
2020-01-23 01:27:18,936{GMT+2} DEBUG [http-nio-8085-exec-5][AssignmentService:assignmentDebugLogger:addEmployee(35)] Method has been ended
2020-01-23 01:27:19,024{GMT+2} DEBUG [http-nio-8085-exec-5][ApplicationFacade:assignmentDebugLogger:addEmployee(64)] Method has been ended
2020-01-23 01:27:24,929{GMT+2} DEBUG [http-nio-8085-exec-9][ApplicationFacade:assignmentDebugLogger:retrieveEmployeesList(163)] Method has been started
2020-01-23 01:27:24,929{GMT+2} DEBUG [http-nio-8085-exec-9][AssignmentService:assignmentDebugLogger:retrieveEmployeesList(76)] Method has been started
2020-01-23 01:27:24,929{GMT+2} DEBUG [http-nio-8085-exec-9][AssignmentDAO:assignmentDebugLogger:retrieveEmployeesList(108)] Method has been started
2020-01-23 01:27:24,932{GMT+2} DEBUG [http-nio-8085-exec-9][AssignmentDAO:assignmentDebugLogger:retrieveEmployeesList(140)] Method has been ended
2020-01-23 01:27:24,932{GMT+2} DEBUG [http-nio-8085-exec-9][AssignmentService:assignmentDebugLogger:retrieveEmployeesList(80)] Method has been ended
2020-01-23 01:27:24,932{GMT+2} DEBUG [http-nio-8085-exec-9][ApplicationFacade:assignmentDebugLogger:retrieveEmployeesList(183)] Method has been ended
2020-01-23 01:27:35,736{GMT+2} DEBUG [http-nio-8085-exec-2][ApplicationFacade:assignmentDebugLogger:deleteEmployee(74)] Method has been started
2020-01-23 01:27:35,736{GMT+2} DEBUG [http-nio-8085-exec-2][AssignmentService:assignmentDebugLogger:deleteEmployee(65)] Method deleteEmployee has been started
2020-01-23 01:27:35,737{GMT+2} DEBUG [http-nio-8085-exec-2][AssignmentDAO:assignmentDebugLogger:deleteEmployee(81)] Method has been started
2020-01-23 01:27:35,739{GMT+2} DEBUG [http-nio-8085-exec-2][AssignmentDAO:assignmentDebugLogger:deleteEmployee(100)] Method has been ended
2020-01-23 01:27:35,740{GMT+2} DEBUG [http-nio-8085-exec-2][AssignmentService:assignmentDebugLogger:deleteEmployee(70)] Method deleteEmployee has been ended
2020-01-23 01:27:35,774{GMT+2} DEBUG [http-nio-8085-exec-2][ApplicationFacade:assignmentDebugLogger:deleteEmployee(110)] Method has been ended
2020-01-23 01:28:19,583{GMT+2} DEBUG [http-nio-8085-exec-1][ApplicationFacade:assignmentDebugLogger:retrieveEmployeesList(163)] Method has been started
2020-01-23 01:28:19,584{GMT+2} DEBUG [http-nio-8085-exec-1][AssignmentService:assignmentDebugLogger:retrieveEmployeesList(76)] Method has been started
2020-01-23 01:28:19,584{GMT+2} DEBUG [http-nio-8085-exec-1][AssignmentDAO:assignmentDebugLogger:retrieveEmployeesList(108)] Method has been started
2020-01-23 01:28:19,595{GMT+2} DEBUG [http-nio-8085-exec-1][AssignmentDAO:assignmentDebugLogger:retrieveEmployeesList(140)] Method has been ended
2020-01-23 01:28:19,596{GMT+2} DEBUG [http-nio-8085-exec-1][AssignmentService:assignmentDebugLogger:retrieveEmployeesList(80)] Method has been ended
2020-01-23 01:28:19,596{GMT+2} DEBUG [http-nio-8085-exec-1][ApplicationFacade:assignmentDebugLogger:retrieveEmployeesList(183)] Method has been ended
2020-01-23 01:28:19,704{GMT+2} DEBUG [http-nio-8085-exec-4][ApplicationFacade:assignmentDebugLogger:retrieveEmployeesList(163)] Method has been started
2020-01-23 01:28:19,705{GMT+2} DEBUG [http-nio-8085-exec-4][AssignmentService:assignmentDebugLogger:retrieveEmployeesList(76)] Method has been started
2020-01-23 01:28:19,705{GMT+2} DEBUG [http-nio-8085-exec-4][AssignmentDAO:assignmentDebugLogger:retrieveEmployeesList(108)] Method has been started
2020-01-23 01:28:19,722{GMT+2} DEBUG [http-nio-8085-exec-4][AssignmentDAO:assignmentDebugLogger:retrieveEmployeesList(140)] Method has been ended
2020-01-23 01:28:19,722{GMT+2} DEBUG [http-nio-8085-exec-4][AssignmentService:assignmentDebugLogger:retrieveEmployeesList(80)] Method has been ended
2020-01-23 01:28:19,723{GMT+2} DEBUG [http-nio-8085-exec-4][ApplicationFacade:assignmentDebugLogger:retrieveEmployeesList(183)] Method has been ended
2020-01-23 01:28:49,414{GMT+2} DEBUG [http-nio-8085-exec-6][ApplicationFacade:assignmentDebugLogger:addEmployee(27)] Method has been started
2020-01-23 01:28:49,414{GMT+2} DEBUG [http-nio-8085-exec-6][AssignmentService:assignmentDebugLogger:addEmployee(22)] Method has been started
2020-01-23 01:28:49,415{GMT+2} DEBUG [http-nio-8085-exec-6][AssignmentDAO:assignmentDebugLogger:addEmployee(24)] Method has been started
2020-01-23 01:28:49,416{GMT+2} DEBUG [http-nio-8085-exec-6][AssignmentDAO:assignmentDebugLogger:addEmployee(45)] Method has been ended
2020-01-23 01:28:49,416{GMT+2} DEBUG [http-nio-8085-exec-6][AssignmentService:assignmentDebugLogger:addEmployee(35)] Method has been ended
2020-01-23 01:28:49,436{GMT+2} DEBUG [http-nio-8085-exec-6][ApplicationFacade:assignmentDebugLogger:addEmployee(64)] Method has been ended
2020-01-23 01:28:49,564{GMT+2} DEBUG [http-nio-8085-exec-7][ApplicationFacade:assignmentDebugLogger:retrieveEmployeesList(163)] Method has been started
2020-01-23 01:28:49,564{GMT+2} DEBUG [http-nio-8085-exec-7][AssignmentService:assignmentDebugLogger:retrieveEmployeesList(76)] Method has been started
2020-01-23 01:28:49,564{GMT+2} DEBUG [http-nio-8085-exec-7][AssignmentDAO:assignmentDebugLogger:retrieveEmployeesList(108)] Method has been started
2020-01-23 01:28:49,567{GMT+2} DEBUG [http-nio-8085-exec-7][AssignmentDAO:assignmentDebugLogger:retrieveEmployeesList(140)] Method has been ended
2020-01-23 01:28:49,567{GMT+2} DEBUG [http-nio-8085-exec-7][AssignmentService:assignmentDebugLogger:retrieveEmployeesList(80)] Method has been ended
2020-01-23 01:28:49,567{GMT+2} DEBUG [http-nio-8085-exec-7][ApplicationFacade:assignmentDebugLogger:retrieveEmployeesList(183)] Method has been ended
2020-01-23 01:29:02,832{GMT+2} DEBUG [http-nio-8085-exec-8][ApplicationFacade:assignmentDebugLogger:retrieveEmployeesList(163)] Method has been started
2020-01-23 01:29:02,846{GMT+2} DEBUG [http-nio-8085-exec-8][AssignmentService:assignmentDebugLogger:retrieveEmployeesList(76)] Method has been started
2020-01-23 01:29:02,847{GMT+2} DEBUG [http-nio-8085-exec-8][AssignmentDAO:assignmentDebugLogger:retrieveEmployeesList(108)] Method has been started
2020-01-23 01:29:02,849{GMT+2} DEBUG [http-nio-8085-exec-8][AssignmentDAO:assignmentDebugLogger:retrieveEmployeesList(140)] Method has been ended
2020-01-23 01:29:02,849{GMT+2} DEBUG [http-nio-8085-exec-8][AssignmentService:assignmentDebugLogger:retrieveEmployeesList(80)] Method has been ended
2020-01-23 01:29:02,849{GMT+2} DEBUG [http-nio-8085-exec-8][ApplicationFacade:assignmentDebugLogger:retrieveEmployeesList(183)] Method has been ended
2020-01-23 12:34:02,095{GMT+2} DEBUG [http-nio-8085-exec-10][ApplicationFacade:assignmentDebugLogger:deleteEmployee(74)] Method has been started
2020-01-23 12:34:02,133{GMT+2} DEBUG [http-nio-8085-exec-10][AssignmentService:assignmentDebugLogger:deleteEmployee(65)] Method deleteEmployee has been started
2020-01-23 12:34:02,133{GMT+2} DEBUG [http-nio-8085-exec-10][AssignmentDAO:assignmentDebugLogger:deleteEmployee(81)] Method has been started
2020-01-23 12:34:02,221{GMT+2} DEBUG [http-nio-8085-exec-10][AssignmentDAO:assignmentDebugLogger:deleteEmployee(100)] Method has been ended
2020-01-23 12:34:02,222{GMT+2} DEBUG [http-nio-8085-exec-10][AssignmentService:assignmentDebugLogger:deleteEmployee(70)] Method deleteEmployee has been ended
2020-01-23 12:34:02,271{GMT+2} DEBUG [http-nio-8085-exec-10][ApplicationFacade:assignmentDebugLogger:deleteEmployee(110)] Method has been ended
2020-01-23 12:34:12,508{GMT+2} DEBUG [http-nio-8085-exec-2][ApplicationFacade:assignmentDebugLogger:deleteEmployee(74)] Method has been started
2020-01-23 12:34:12,509{GMT+2} DEBUG [http-nio-8085-exec-2][AssignmentService:assignmentDebugLogger:deleteEmployee(65)] Method deleteEmployee has been started
2020-01-23 12:34:12,509{GMT+2} DEBUG [http-nio-8085-exec-2][AssignmentDAO:assignmentDebugLogger:deleteEmployee(81)] Method has been started
2020-01-23 12:34:12,509{GMT+2} DEBUG [http-nio-8085-exec-2][AssignmentDAO:assignmentDebugLogger:deleteEmployee(100)] Method has been ended
2020-01-23 12:34:12,510{GMT+2} DEBUG [http-nio-8085-exec-2][AssignmentService:assignmentDebugLogger:deleteEmployee(70)] Method deleteEmployee has been ended
2020-01-23 12:34:12,511{GMT+2} DEBUG [http-nio-8085-exec-2][ApplicationFacade:assignmentDebugLogger:deleteEmployee(110)] Method has been ended
2020-01-23 12:34:14,059{GMT+2} DEBUG [http-nio-8085-exec-1][ApplicationFacade:assignmentDebugLogger:deleteEmployee(74)] Method has been started
2020-01-23 12:34:14,059{GMT+2} DEBUG [http-nio-8085-exec-1][AssignmentService:assignmentDebugLogger:deleteEmployee(65)] Method deleteEmployee has been started
2020-01-23 12:34:14,060{GMT+2} DEBUG [http-nio-8085-exec-1][AssignmentDAO:assignmentDebugLogger:deleteEmployee(81)] Method has been started
2020-01-23 12:34:14,060{GMT+2} DEBUG [http-nio-8085-exec-1][AssignmentDAO:assignmentDebugLogger:deleteEmployee(100)] Method has been ended
2020-01-23 12:34:14,060{GMT+2} DEBUG [http-nio-8085-exec-1][AssignmentService:assignmentDebugLogger:deleteEmployee(70)] Method deleteEmployee has been ended
2020-01-23 12:34:14,062{GMT+2} DEBUG [http-nio-8085-exec-1][ApplicationFacade:assignmentDebugLogger:deleteEmployee(110)] Method has been ended
2020-01-23 12:34:28,515{GMT+2} DEBUG [http-nio-8085-exec-4][ApplicationFacade:assignmentDebugLogger:retrieveEmployeesList(163)] Method has been started
2020-01-23 12:34:28,515{GMT+2} DEBUG [http-nio-8085-exec-4][AssignmentService:assignmentDebugLogger:retrieveEmployeesList(76)] Method has been started
2020-01-23 12:34:28,521{GMT+2} DEBUG [http-nio-8085-exec-4][AssignmentDAO:assignmentDebugLogger:retrieveEmployeesList(108)] Method has been started
2020-01-23 12:34:28,526{GMT+2} DEBUG [http-nio-8085-exec-4][AssignmentDAO:assignmentDebugLogger:retrieveEmployeesList(140)] Method has been ended
2020-01-23 12:34:28,526{GMT+2} DEBUG [http-nio-8085-exec-4][AssignmentService:assignmentDebugLogger:retrieveEmployeesList(80)] Method has been ended
2020-01-23 12:34:28,527{GMT+2} DEBUG [http-nio-8085-exec-4][ApplicationFacade:assignmentDebugLogger:retrieveEmployeesList(183)] Method has been ended
2020-01-23 13:02:26,850{GMT+2} DEBUG [http-nio-8085-exec-6][ApplicationFacade:assignmentDebugLogger:retrieveEmployeesList(163)] Method has been started
2020-01-23 13:02:26,954{GMT+2} DEBUG [http-nio-8085-exec-6][AssignmentService:assignmentDebugLogger:retrieveEmployeesList(76)] Method has been started
2020-01-23 13:02:26,969{GMT+2} DEBUG [http-nio-8085-exec-6][AssignmentDAO:assignmentDebugLogger:retrieveEmployeesList(108)] Method has been started
2020-01-23 13:02:27,200{GMT+2} DEBUG [http-nio-8085-exec-6][AssignmentDAO:assignmentDebugLogger:retrieveEmployeesList(140)] Method has been ended
2020-01-23 13:02:27,200{GMT+2} DEBUG [http-nio-8085-exec-6][AssignmentService:assignmentDebugLogger:retrieveEmployeesList(80)] Method has been ended
2020-01-23 13:02:27,200{GMT+2} DEBUG [http-nio-8085-exec-6][ApplicationFacade:assignmentDebugLogger:retrieveEmployeesList(183)] Method has been ended
2020-01-23 13:03:06,678{GMT+2} DEBUG [http-nio-8085-exec-8][ApplicationFacade:assignmentDebugLogger:addEmployee(27)] Method has been started
2020-01-23 13:03:06,679{GMT+2} DEBUG [http-nio-8085-exec-8][AssignmentService:assignmentDebugLogger:addEmployee(22)] Method has been started
2020-01-23 13:03:06,679{GMT+2} DEBUG [http-nio-8085-exec-8][AssignmentDAO:assignmentDebugLogger:addEmployee(24)] Method has been started
2020-01-23 13:03:06,842{GMT+2} DEBUG [http-nio-8085-exec-8][AssignmentDAO:assignmentDebugLogger:addEmployee(45)] Method has been ended
2020-01-23 13:03:06,842{GMT+2} DEBUG [http-nio-8085-exec-8][AssignmentService:assignmentDebugLogger:addEmployee(35)] Method has been ended
2020-01-23 13:03:06,923{GMT+2} DEBUG [http-nio-8085-exec-8][ApplicationFacade:assignmentDebugLogger:addEmployee(64)] Method has been ended
2020-01-23 13:03:06,963{GMT+2} DEBUG [http-nio-8085-exec-1][ApplicationFacade:assignmentDebugLogger:retrieveEmployeesList(163)] Method has been started
2020-01-23 13:03:06,964{GMT+2} DEBUG [http-nio-8085-exec-1][AssignmentService:assignmentDebugLogger:retrieveEmployeesList(76)] Method has been started
2020-01-23 13:03:06,964{GMT+2} DEBUG [http-nio-8085-exec-1][AssignmentDAO:assignmentDebugLogger:retrieveEmployeesList(108)] Method has been started
2020-01-23 13:03:06,990{GMT+2} DEBUG [http-nio-8085-exec-1][AssignmentDAO:assignmentDebugLogger:retrieveEmployeesList(140)] Method has been ended
2020-01-23 13:03:06,990{GMT+2} DEBUG [http-nio-8085-exec-1][AssignmentService:assignmentDebugLogger:retrieveEmployeesList(80)] Method has been ended
2020-01-23 13:03:06,990{GMT+2} DEBUG [http-nio-8085-exec-1][ApplicationFacade:assignmentDebugLogger:retrieveEmployeesList(183)] Method has been ended
2020-01-23 13:03:22,218{GMT+2} DEBUG [http-nio-8085-exec-2][ApplicationFacade:assignmentDebugLogger:deleteEmployee(74)] Method has been started
2020-01-23 13:03:22,219{GMT+2} DEBUG [http-nio-8085-exec-2][AssignmentService:assignmentDebugLogger:deleteEmployee(65)] Method deleteEmployee has been started
2020-01-23 13:03:22,221{GMT+2} DEBUG [http-nio-8085-exec-2][AssignmentDAO:assignmentDebugLogger:deleteEmployee(81)] Method has been started
2020-01-23 13:03:22,264{GMT+2} DEBUG [http-nio-8085-exec-2][AssignmentDAO:assignmentDebugLogger:deleteEmployee(100)] Method has been ended
2020-01-23 13:03:22,265{GMT+2} DEBUG [http-nio-8085-exec-2][AssignmentService:assignmentDebugLogger:deleteEmployee(70)] Method deleteEmployee has been ended
2020-01-23 13:03:22,317{GMT+2} DEBUG [http-nio-8085-exec-2][ApplicationFacade:assignmentDebugLogger:deleteEmployee(110)] Method has been ended
2020-01-23 13:10:25,959{GMT+2} DEBUG [http-nio-8085-exec-10][ApplicationFacade:assignmentDebugLogger:addEmployee(27)] Method has been started
2020-01-23 13:10:25,961{GMT+2} DEBUG [http-nio-8085-exec-10][AssignmentService:assignmentDebugLogger:addEmployee(22)] Method has been started
2020-01-23 13:10:25,961{GMT+2} DEBUG [http-nio-8085-exec-10][AssignmentDAO:assignmentDebugLogger:addEmployee(24)] Method has been started
2020-01-23 13:10:25,964{GMT+2} DEBUG [http-nio-8085-exec-10][AssignmentDAO:assignmentDebugLogger:addEmployee(45)] Method has been ended
2020-01-23 13:10:25,964{GMT+2} DEBUG [http-nio-8085-exec-10][AssignmentService:assignmentDebugLogger:addEmployee(35)] Method has been ended
2020-01-23 13:10:25,968{GMT+2} DEBUG [http-nio-8085-exec-10][ApplicationFacade:assignmentDebugLogger:addEmployee(64)] Method has been ended
2020-01-23 13:10:26,059{GMT+2} DEBUG [http-nio-8085-exec-5][ApplicationFacade:assignmentDebugLogger:retrieveEmployeesList(163)] Method has been started
2020-01-23 13:10:26,059{GMT+2} DEBUG [http-nio-8085-exec-5][AssignmentService:assignmentDebugLogger:retrieveEmployeesList(76)] Method has been started
2020-01-23 13:10:26,060{GMT+2} DEBUG [http-nio-8085-exec-5][AssignmentDAO:assignmentDebugLogger:retrieveEmployeesList(108)] Method has been started
2020-01-23 13:10:26,088{GMT+2} DEBUG [http-nio-8085-exec-5][AssignmentDAO:assignmentDebugLogger:retrieveEmployeesList(140)] Method has been ended
2020-01-23 13:10:26,089{GMT+2} DEBUG [http-nio-8085-exec-5][AssignmentService:assignmentDebugLogger:retrieveEmployeesList(80)] Method has been ended
2020-01-23 13:10:26,089{GMT+2} DEBUG [http-nio-8085-exec-5][ApplicationFacade:assignmentDebugLogger:retrieveEmployeesList(183)] Method has been ended
2020-01-23 13:10:32,227{GMT+2} DEBUG [http-nio-8085-exec-9][ApplicationFacade:assignmentDebugLogger:deleteEmployee(74)] Method has been started
2020-01-23 13:10:32,228{GMT+2} DEBUG [http-nio-8085-exec-9][AssignmentService:assignmentDebugLogger:deleteEmployee(65)] Method deleteEmployee has been started
2020-01-23 13:10:32,228{GMT+2} DEBUG [http-nio-8085-exec-9][AssignmentDAO:assignmentDebugLogger:deleteEmployee(81)] Method has been started
2020-01-23 13:10:32,229{GMT+2} DEBUG [http-nio-8085-exec-9][AssignmentDAO:assignmentDebugLogger:deleteEmployee(100)] Method has been ended
2020-01-23 13:10:32,230{GMT+2} DEBUG [http-nio-8085-exec-9][AssignmentService:assignmentDebugLogger:deleteEmployee(70)] Method deleteEmployee has been ended
2020-01-23 13:10:32,288{GMT+2} DEBUG [http-nio-8085-exec-9][ApplicationFacade:assignmentDebugLogger:deleteEmployee(110)] Method has been ended
2020-01-23 13:11:21,811{GMT+2} DEBUG [http-nio-8085-exec-7][ApplicationFacade:assignmentDebugLogger:retrieveEmployeesList(163)] Method has been started
2020-01-23 13:11:21,812{GMT+2} DEBUG [http-nio-8085-exec-7][AssignmentService:assignmentDebugLogger:retrieveEmployeesList(76)] Method has been started
2020-01-23 13:11:21,812{GMT+2} DEBUG [http-nio-8085-exec-7][AssignmentDAO:assignmentDebugLogger:retrieveEmployeesList(108)] Method has been started
2020-01-23 13:11:21,905{GMT+2} DEBUG [http-nio-8085-exec-7][AssignmentDAO:assignmentDebugLogger:retrieveEmployeesList(140)] Method has been ended
2020-01-23 13:11:21,905{GMT+2} DEBUG [http-nio-8085-exec-7][AssignmentService:assignmentDebugLogger:retrieveEmployeesList(80)] Method has been ended
2020-01-23 13:11:21,905{GMT+2} DEBUG [http-nio-8085-exec-7][ApplicationFacade:assignmentDebugLogger:retrieveEmployeesList(183)] Method has been ended
2020-01-23 13:11:41,625{GMT+2} DEBUG [http-nio-8085-exec-6][ApplicationFacade:assignmentDebugLogger:addEmployee(27)] Method has been started
2020-01-23 13:11:41,626{GMT+2} DEBUG [http-nio-8085-exec-6][AssignmentService:assignmentDebugLogger:addEmployee(22)] Method has been started
2020-01-23 13:11:41,626{GMT+2} DEBUG [http-nio-8085-exec-6][AssignmentDAO:assignmentDebugLogger:addEmployee(24)] Method has been started
2020-01-23 13:11:41,627{GMT+2} DEBUG [http-nio-8085-exec-6][AssignmentDAO:assignmentDebugLogger:addEmployee(45)] Method has been ended
2020-01-23 13:11:41,627{GMT+2} DEBUG [http-nio-8085-exec-6][AssignmentService:assignmentDebugLogger:addEmployee(35)] Method has been ended
2020-01-23 13:11:41,628{GMT+2} DEBUG [http-nio-8085-exec-6][ApplicationFacade:assignmentDebugLogger:addEmployee(64)] Method has been ended
2020-01-23 13:11:41,679{GMT+2} DEBUG [http-nio-8085-exec-3][ApplicationFacade:assignmentDebugLogger:retrieveEmployeesList(163)] Method has been started
2020-01-23 13:11:41,679{GMT+2} DEBUG [http-nio-8085-exec-3][AssignmentService:assignmentDebugLogger:retrieveEmployeesList(76)] Method has been started
2020-01-23 13:11:41,679{GMT+2} DEBUG [http-nio-8085-exec-3][AssignmentDAO:assignmentDebugLogger:retrieveEmployeesList(108)] Method has been started
2020-01-23 13:11:41,682{GMT+2} DEBUG [http-nio-8085-exec-3][AssignmentDAO:assignmentDebugLogger:retrieveEmployeesList(140)] Method has been ended
2020-01-23 13:11:41,682{GMT+2} DEBUG [http-nio-8085-exec-3][AssignmentService:assignmentDebugLogger:retrieveEmployeesList(80)] Method has been ended
2020-01-23 13:11:41,682{GMT+2} DEBUG [http-nio-8085-exec-3][ApplicationFacade:assignmentDebugLogger:retrieveEmployeesList(183)] Method has been ended
2020-01-23 13:11:45,105{GMT+2} DEBUG [http-nio-8085-exec-8][ApplicationFacade:assignmentDebugLogger:retrieveEmployeesList(163)] Method has been started
2020-01-23 13:11:45,105{GMT+2} DEBUG [http-nio-8085-exec-8][AssignmentService:assignmentDebugLogger:retrieveEmployeesList(76)] Method has been started
2020-01-23 13:11:45,105{GMT+2} DEBUG [http-nio-8085-exec-8][AssignmentDAO:assignmentDebugLogger:retrieveEmployeesList(108)] Method has been started
2020-01-23 13:11:45,107{GMT+2} DEBUG [http-nio-8085-exec-8][AssignmentDAO:assignmentDebugLogger:retrieveEmployeesList(140)] Method has been ended
2020-01-23 13:11:45,162{GMT+2} DEBUG [http-nio-8085-exec-8][AssignmentService:assignmentDebugLogger:retrieveEmployeesList(80)] Method has been ended
2020-01-23 13:11:45,162{GMT+2} DEBUG [http-nio-8085-exec-8][ApplicationFacade:assignmentDebugLogger:retrieveEmployeesList(183)] Method has been ended
